<?xml version="1.0" encoding="UTF-8"?>
<testng-results skipped="0" failed="0" ignored="0" total="3" passed="3">
  <reporter-output>
  </reporter-output>
  <suite name="Default suite" duration-ms="57" started-at="2022-02-10T11:29:37 MSK" finished-at="2022-02-10T11:29:37 MSK">
    <groups>
    </groups>
    <test name="Default test" duration-ms="57" started-at="2022-02-10T11:29:37 MSK" finished-at="2022-02-10T11:29:37 MSK">
      <class name="online_tusur.unit_online_tusur.TestFactory">
        <test-method status="PASS" signature="testAverAge()[pri:0, instance:online_tusur.unit_online_tusur.TestFactory@11438d26, instance params:[]]" name="testAverAge" duration-ms="9" started-at="2022-02-10T11:29:37 MSK" finished-at="2022-02-10T11:29:37 MSK">
          <reporter-output>
          </reporter-output>
        </test-method> <!-- testAverAge -->
        <test-method status="PASS" signature="testAverAge()[pri:0, instance:online_tusur.unit_online_tusur.TestFactory@34cd072c, instance params:[]]" name="testAverAge" duration-ms="3" started-at="2022-02-10T11:29:37 MSK" finished-at="2022-02-10T11:29:37 MSK">
          <reporter-output>
          </reporter-output>
        </test-method> <!-- testAverAge -->
        <test-method status="PASS" signature="testAverAge()[pri:0, instance:online_tusur.unit_online_tusur.TestFactory@7a1ebcd8, instance params:[]]" name="testAverAge" duration-ms="3" started-at="2022-02-10T11:29:37 MSK" finished-at="2022-02-10T11:29:37 MSK">
          <reporter-output>
          </reporter-output>
        </test-method> <!-- testAverAge -->
      </class> <!-- online_tusur.unit_online_tusur.TestFactory -->
    </test> <!-- Default test -->
  </suite> <!-- Default suite -->
</testng-results>
