<?xml version="1.0" encoding="UTF-8"?>
<!-- Generated by org.testng.reporters.JUnitXMLReporter -->
<testsuite hostname="LAPTOP-T6OJV50P" ignored="0" name="Default test" tests="3" failures="0" timestamp="2022-02-10T11:29:37 MSK" time="0.057" errors="0">
  <testcase name="testAverAge" time="0.009" classname="online_tusur.unit_online_tusur.TestFactory"/>
  <testcase name="testAverAge" time="0.003" classname="online_tusur.unit_online_tusur.TestFactory"/>
  <testcase name="testAverAge" time="0.003" classname="online_tusur.unit_online_tusur.TestFactory"/>
</testsuite> <!-- Default test -->
