<?xml version="1.0" encoding="UTF-8"?>
<!-- Generated by org.testng.reporters.JUnitXMLReporter -->
<testsuite hostname="LAPTOP-T6OJV50P" ignored="0" name="Test" tests="4" failures="0" timestamp="2022-02-05T19:08:22 MSK" time="0.068" errors="0">
  <testcase name="params" time="0.01" classname="online_tusur.unit_online_tusur.NewTestNGParam"/>
  <testcase name="testAverAge" time="0.001" classname="online_tusur.unit_online_tusur.NewTestNGParam"/>
  <testcase name="testAverAge" time="0.001" classname="online_tusur.unit_online_tusur.NewTestNGParam"/>
  <testcase name="testAverAge" time="0.001" classname="online_tusur.unit_online_tusur.NewTestNGParam"/>
</testsuite> <!-- Test -->
